0 info it worked if it ends with ok
1 verbose cli [ '/usr/local/bin/node', '/usr/local/bin/npm', 'publish' ]
2 info using npm@3.8.1
3 info using node@v4.4.0
4 verbose publish [ '.' ]
5 silly cache add args [ '.', null ]
6 verbose cache add spec .
7 silly cache add parsed spec Result {
7 silly cache add   raw: '.',
7 silly cache add   scope: null,
7 silly cache add   name: null,
7 silly cache add   rawSpec: '.',
7 silly cache add   spec: '/Volumes/Macintosh HD/Users/T0maT0/Dev/workspaces/sandbox/scriptLoader',
7 silly cache add   type: 'directory' }
8 verbose addLocalDirectory /Users/totoro/.npm/tinyloader/1.0.0/package.tgz not in flight; packing
9 verbose correctMkdir /Users/totoro/.npm correctMkdir not in flight; initializing
10 info lifecycle tinyloader@1.0.0~prepublish: tinyloader@1.0.0
11 silly lifecycle tinyloader@1.0.0~prepublish: no script for prepublish, continuing
12 verbose tar pack [ '/Users/totoro/.npm/tinyloader/1.0.0/package.tgz',
12 verbose tar pack   '/Volumes/Macintosh HD/Users/T0maT0/Dev/workspaces/sandbox/scriptLoader' ]
13 verbose tarball /Users/totoro/.npm/tinyloader/1.0.0/package.tgz
14 verbose folder /Volumes/Macintosh HD/Users/T0maT0/Dev/workspaces/sandbox/scriptLoader
15 verbose addLocalTarball adding from inside cache /Users/totoro/.npm/tinyloader/1.0.0/package.tgz
16 verbose correctMkdir /Users/totoro/.npm correctMkdir not in flight; initializing
17 silly cache afterAdd tinyloader@1.0.0
18 verbose afterAdd /Users/totoro/.npm/tinyloader/1.0.0/package/package.json not in flight; writing
19 verbose correctMkdir /Users/totoro/.npm correctMkdir not in flight; initializing
20 verbose afterAdd /Users/totoro/.npm/tinyloader/1.0.0/package/package.json written
21 silly publish { name: 'tinyloader',
21 silly publish   version: '1.0.0',
21 silly publish   description: 'A tiny script loader (~3KB) using async and ES6 Promises',
21 silly publish   author: { name: 'Thomas Brodusch' },
21 silly publish   contributors:
21 silly publish    [ { name: 'Thomas Brodusch',
21 silly publish        email: 'tom4dev@users.noreply.github.com' } ],
21 silly publish   main: 'dist/tinyloader.js',
21 silly publish   dependencies: {},
21 silly publish   devDependencies:
21 silly publish    { 'babel-core': '^6.10.4',
21 silly publish      'babel-eslint': '^6.1.0',
21 silly publish      'babel-loader': '^6.2.4',
21 silly publish      'babel-preset-es2015': '^6.9.0',
21 silly publish      eslint: '^2.13.1',
21 silly publish      'eslint-loader': '^1.3.0',
21 silly publish      webpack: '^1.13.1',
21 silly publish      'webpack-dev-server': '^1.14.1' },
21 silly publish   scripts:
21 silly publish    { start: 'webpack-dev-server',
21 silly publish      watch: 'webpack -w',
21 silly publish      prePublish: 'webpack -p' },
21 silly publish   keywords:
21 silly publish    [ 'tiny',
21 silly publish      'loader',
21 silly publish      'load',
21 silly publish      'script',
21 silly publish      'require',
21 silly publish      'requirejs',
21 silly publish      'systemjs',
21 silly publish      'script loader',
21 silly publish      'async',
21 silly publish      'promise',
21 silly publish      'es6',
21 silly publish      'tinyloader' ],
21 silly publish   repository:
21 silly publish    { type: 'git',
21 silly publish      url: 'git+https://github.com/tom4dev/tinyloader.git' },
21 silly publish   homepage: 'https://github.com/tom4dev/tinyloader#readme',
21 silly publish   bugs: { url: 'https://github.com/tom4dev/tinyloader/issues' },
21 silly publish   license: 'ISC',
21 silly publish   tonicExampleFilename: 'example/example.js',
21 silly publish   readme: '\nTinyloader\n------------\n**A tiny script loader (~3KB) using async and ES6 Promises**\n\n### Installation\n    npm install --save tinyloader\n\n\n### Script tag\n```html   \n<script src="node_modules/tinyloader/dist/tinyloader.min.js"></script>\n```\n\n### or ES6 import in your project\n```javascript\nimport tinyloader from \'node_modules/dist/tinyloader.min.js\';\n```\n\n### Use Tinyloader\n```javascript\ntinyloader.load(url, mode, callback);\n```\n* url: **String** or **Array**\n* mode: **String** *\'async\'* or *\'defer\'* (default: *\'async\'*)\n* callback: (*optional*)\n\n### Example (see example/example.js for more info)\n```javascript\ntinyloader.load(\'https://code.jquery.com/jquery-3.0.0.min.js\', \'async\', function(){\n    console.log(\'jQuery is loaded !\', $);\n};\n```\n\nWith an array\n```javascript\nlet myScripts = [\n    \'https://code.jquery.com/jquery-3.0.0.min.js\',\n    \'https://cdnjs.cloudflare.com/ajax/libs/react/15.1.0/react.min.js\',\n    \'https://cdnjs.cloudflare.com/ajax/libs/three.js/r58/three.js\'\n];\n\ntinyloader.load(myScripts, \'async\', function(){\n    console.log(\'All of my scripts are loaded with success !\');\n};\n```\n\n### et voilà ! \n\n\n\n# TinyLoader\n###### Version 1.0.0\n\nA tiny script loader **(~3KB)** using *async* and *ES6 Promises*.\n\n\n\n### Development\n___\nWant to contribute? Great!\n\nNowtify uses [Webpack](https://webpack.github.io/docs/) for fast developing.\nMake a change in your file and instantanously see your updates!\n\nOpen your favorite Terminal and run these commands.\n\n```sh\n$ git clone https://github.com/tom4dev/tinyloader tinyloader\n$ cd tinyloader\n$ npm install\n```\n\nDeveloppment mode watcher (Webpack):\n\n1. Start webpack-dev-server\n```sh\n$ npm start \n```\n2. Start watching js files\n```sh\n$ npm run watch \n```\n\n... And you\'re ready to code !\n\n\nLicense\n----\n\nMIT\n\n\n**Open source, Hell Yeah.**\n\n\n\n \n',
21 silly publish   readmeFilename: 'README.md',
21 silly publish   gitHead: '395869777d3bf64557b5237b00f1b68a2ff1b1bf',
21 silly publish   _id: 'tinyloader@1.0.0',
21 silly publish   _shasum: 'afa1ce5f4af82ffe3b5b34745b40b8fab3e8b8a9',
21 silly publish   _from: '.' }
22 verbose getPublishConfig undefined
23 silly mapToRegistry name tinyloader
24 silly mapToRegistry using default registry
25 silly mapToRegistry registry https://registry.npmjs.org/
26 silly mapToRegistry uri https://registry.npmjs.org/tinyloader
27 verbose publish registryBase https://registry.npmjs.org/
28 silly publish uploading /Users/totoro/.npm/tinyloader/1.0.0/package.tgz
29 verbose request uri https://registry.npmjs.org/tinyloader
30 verbose request sending authorization for write operation
31 info attempt registry request try #1 at 15:00:41
32 verbose request using bearer token for auth
33 verbose request id b58ed8b3e5e69088
34 http request PUT https://registry.npmjs.org/tinyloader
35 http 403 https://registry.npmjs.org/tinyloader
36 verbose headers { 'content-type': 'application/json',
36 verbose headers   'cache-control': 'max-age=300',
36 verbose headers   'content-length': '95',
36 verbose headers   'accept-ranges': 'bytes',
36 verbose headers   date: 'Mon, 27 Jun 2016 13:00:42 GMT',
36 verbose headers   via: '1.1 varnish',
36 verbose headers   connection: 'keep-alive',
36 verbose headers   'x-served-by': 'cache-lhr6334-LHR',
36 verbose headers   'x-cache': 'MISS',
36 verbose headers   'x-cache-hits': '0',
36 verbose headers   'x-timer': 'S1467032441.607416,VS0,VE1084',
36 verbose headers   vary: 'Accept-Encoding' }
37 verbose request invalidating /Users/totoro/.npm/registry.npmjs.org/tinyloader on PUT
38 error publish Failed PUT 403
39 verbose stack Error: "You cannot publish over the previously published version 1.0.0." : tinyloader
39 verbose stack     at makeError (/usr/local/lib/node_modules/npm/node_modules/npm-registry-client/lib/request.js:264:12)
39 verbose stack     at CachingRegistryClient.<anonymous> (/usr/local/lib/node_modules/npm/node_modules/npm-registry-client/lib/request.js:252:14)
39 verbose stack     at Request._callback (/usr/local/lib/node_modules/npm/node_modules/npm-registry-client/lib/request.js:172:14)
39 verbose stack     at Request.self.callback (/usr/local/lib/node_modules/npm/node_modules/request/request.js:199:22)
39 verbose stack     at emitTwo (events.js:87:13)
39 verbose stack     at Request.emit (events.js:172:7)
39 verbose stack     at Request.<anonymous> (/usr/local/lib/node_modules/npm/node_modules/request/request.js:1036:10)
39 verbose stack     at emitOne (events.js:82:20)
39 verbose stack     at Request.emit (events.js:169:7)
39 verbose stack     at IncomingMessage.<anonymous> (/usr/local/lib/node_modules/npm/node_modules/request/request.js:963:12)
40 verbose statusCode 403
41 verbose pkgid tinyloader
42 verbose cwd /Volumes/Macintosh HD/Users/T0maT0/Dev/workspaces/sandbox/scriptLoader
43 error Darwin 15.5.0
44 error argv "/usr/local/bin/node" "/usr/local/bin/npm" "publish"
45 error node v4.4.0
46 error npm  v3.8.1
47 error code E403
48 error "You cannot publish over the previously published version 1.0.0." : tinyloader
49 error If you need help, you may report this error at:
49 error     <https://github.com/npm/npm/issues>
50 verbose exit [ 1, true ]
